This is pdfTeX, Version 3.141592653-2.6-1.40.22 (TeX Live 2021) (preloaded format=pdflatex 2022.2.13)  6 MAY 2022 20:28
entering extended mode
 restricted \write18 enabled.
 %&-line parsing enabled.
**final_22S_soln.tex
(./final_22S_soln.tex
LaTeX2e <2020-10-01> patch level 4
L3 programming layer <2021-02-18>
(/usr/local/texlive/2021/texmf-dist/tex/latex/base/article.cls
Document Class: article 2020/04/10 v1.4m Standard LaTeX document class
(/usr/local/texlive/2021/texmf-dist/tex/latex/base/size11.clo
File: size11.clo 2020/04/10 v1.4m Standard LaTeX file (size option)
)
\c@part=\count179
\c@section=\count180
\c@subsection=\count181
\c@subsubsection=\count182
\c@paragraph=\count183
\c@subparagraph=\count184
\c@figure=\count185
\c@table=\count186
\abovecaptionskip=\skip47
\belowcaptionskip=\skip48
\bibindent=\dimen138
)
(/usr/local/texlive/2021/texmf-dist/tex/latex/amsmath/amsmath.sty
Package: amsmath 2020/09/23 v2.17i AMS math features
\@mathmargin=\skip49

For additional information on amsmath, use the `?' option.
(/usr/local/texlive/2021/texmf-dist/tex/latex/amsmath/amstext.sty
Package: amstext 2000/06/29 v2.01 AMS text

(/usr/local/texlive/2021/texmf-dist/tex/latex/amsmath/amsgen.sty
File: amsgen.sty 1999/11/30 v2.0 generic functions
\@emptytoks=\toks15
\ex@=\dimen139
))
(/usr/local/texlive/2021/texmf-dist/tex/latex/amsmath/amsbsy.sty
Package: amsbsy 1999/11/29 v1.2d Bold Symbols
\pmbraise@=\dimen140
)
(/usr/local/texlive/2021/texmf-dist/tex/latex/amsmath/amsopn.sty
Package: amsopn 2016/03/08 v2.02 operator names
)
\inf@bad=\count187
LaTeX Info: Redefining \frac on input line 234.
\uproot@=\count188
\leftroot@=\count189
LaTeX Info: Redefining \overline on input line 399.
\classnum@=\count190
\DOTSCASE@=\count191
LaTeX Info: Redefining \ldots on input line 496.
LaTeX Info: Redefining \dots on input line 499.
LaTeX Info: Redefining \cdots on input line 620.
\Mathstrutbox@=\box47
\strutbox@=\box48
\big@size=\dimen141
LaTeX Font Info:    Redeclaring font encoding OML on input line 743.
LaTeX Font Info:    Redeclaring font encoding OMS on input line 744.
\macc@depth=\count192
\c@MaxMatrixCols=\count193
\dotsspace@=\muskip16
\c@parentequation=\count194
\dspbrk@lvl=\count195
\tag@help=\toks16
\row@=\count196
\column@=\count197
\maxfields@=\count198
\andhelp@=\toks17
\eqnshift@=\dimen142
\alignsep@=\dimen143
\tagshift@=\dimen144
\tagwidth@=\dimen145
\totwidth@=\dimen146
\lineht@=\dimen147
\@envbody=\toks18
\multlinegap=\skip50
\multlinetaggap=\skip51
\mathdisplay@stack=\toks19
LaTeX Info: Redefining \[ on input line 2923.
LaTeX Info: Redefining \] on input line 2924.
)
(/usr/local/texlive/2021/texmf-dist/tex/latex/amsfonts/amssymb.sty
Package: amssymb 2013/01/14 v3.01 AMS font symbols

(/usr/local/texlive/2021/texmf-dist/tex/latex/amsfonts/amsfonts.sty
Package: amsfonts 2013/01/14 v3.01 Basic AMSFonts support
\symAMSa=\mathgroup4
\symAMSb=\mathgroup5
LaTeX Font Info:    Redeclaring math symbol \hbar on input line 98.
LaTeX Font Info:    Overwriting math alphabet `\mathfrak' in version `bold'
(Font)                  U/euf/m/n --> U/euf/b/n on input line 106.
))
(/usr/local/texlive/2021/texmf-dist/tex/latex/tools/verbatim.sty
Package: verbatim 2020-07-07 v1.5u LaTeX2e package for verbatim enhancements
\every@verbatim=\toks20
\verbatim@line=\toks21
\verbatim@in@stream=\read2
)
(/usr/local/texlive/2021/texmf-dist/tex/latex/preprint/fullpage.sty
Package: fullpage 1999/02/23 1.1 (PWD)
\FP@margin=\skip52
)
(/usr/local/texlive/2021/texmf-dist/tex/latex/base/ifthen.sty
Package: ifthen 2014/09/29 v1.1c Standard LaTeX ifthen package (DPC)
)
(/usr/local/texlive/2021/texmf-dist/tex/latex/graphics/graphicx.sty
Package: graphicx 2020/09/09 v1.2b Enhanced LaTeX Graphics (DPC,SPQR)

(/usr/local/texlive/2021/texmf-dist/tex/latex/graphics/keyval.sty
Package: keyval 2014/10/28 v1.15 key=value parser (DPC)
\KV@toks@=\toks22
)
(/usr/local/texlive/2021/texmf-dist/tex/latex/graphics/graphics.sty
Package: graphics 2020/08/30 v1.4c Standard LaTeX Graphics (DPC,SPQR)

(/usr/local/texlive/2021/texmf-dist/tex/latex/graphics/trig.sty
Package: trig 2016/01/03 v1.10 sin cos tan (DPC)
)
(/usr/local/texlive/2021/texmf-dist/tex/latex/graphics-cfg/graphics.cfg
File: graphics.cfg 2016/06/04 v1.11 sample graphics configuration
)
Package graphics Info: Driver file: pdftex.def on input line 105.

(/usr/local/texlive/2021/texmf-dist/tex/latex/graphics-def/pdftex.def
File: pdftex.def 2020/10/05 v1.2a Graphics/color driver for pdftex
))
\Gin@req@height=\dimen148
\Gin@req@width=\dimen149
)
(/usr/local/texlive/2021/texmf-dist/tex/latex/tools/bm.sty
Package: bm 2019/07/24 v1.2d Bold Symbol Support (DPC/FMi)
\symboldoperators=\mathgroup6
\symboldletters=\mathgroup7
\symboldsymbols=\mathgroup8
LaTeX Font Info:    Redeclaring math alphabet \mathbf on input line 141.
LaTeX Info: Redefining \bm on input line 209.
)
(/usr/local/texlive/2021/texmf-dist/tex/latex/amscls/amsthm.sty
Package: amsthm 2020/05/29 v2.20.6
\thm@style=\toks23
\thm@bodyfont=\toks24
\thm@headfont=\toks25
\thm@notefont=\toks26
\thm@headpunct=\toks27
\thm@preskip=\skip53
\thm@postskip=\skip54
\thm@headsep=\skip55
\dth@everypar=\toks28
)
(/usr/local/texlive/2021/texmf-dist/tex/latex/url/url.sty
\Urlmuskip=\muskip17
Package: url 2013/09/16  ver 3.4  Verb mode for urls, etc.
)
(/usr/local/texlive/2021/texmf-dist/tex/latex/xcolor/xcolor.sty
Package: xcolor 2016/05/11 v2.12 LaTeX color extensions (UK)

(/usr/local/texlive/2021/texmf-dist/tex/latex/graphics-cfg/color.cfg
File: color.cfg 2016/01/02 v1.6 sample color configuration
)
Package xcolor Info: Driver file: pdftex.def on input line 225.
Package xcolor Info: Model `cmy' substituted by `cmy0' on input line 1348.
Package xcolor Info: Model `hsb' substituted by `rgb' on input line 1352.
Package xcolor Info: Model `RGB' extended on input line 1364.
Package xcolor Info: Model `HTML' substituted by `rgb' on input line 1366.
Package xcolor Info: Model `Hsb' substituted by `hsb' on input line 1367.
Package xcolor Info: Model `tHsb' substituted by `hsb' on input line 1368.
Package xcolor Info: Model `HSB' substituted by `hsb' on input line 1369.
Package xcolor Info: Model `Gray' substituted by `gray' on input line 1370.
Package xcolor Info: Model `wave' substituted by `hsb' on input line 1371.
)
(/usr/local/texlive/2021/texmf-dist/tex/latex/algorithms/algorithm.sty
Package: algorithm 2009/08/24 v0.1 Document Style `algorithm' - floating enviro
nment

(/usr/local/texlive/2021/texmf-dist/tex/latex/float/float.sty
Package: float 2001/11/08 v1.3d Float enhancements (AL)
\c@float@type=\count199
\float@exts=\toks29
\float@box=\box49
\@float@everytoks=\toks30
\@floatcapt=\box50
)
\@float@every@algorithm=\toks31
\c@algorithm=\count266
)
(/usr/local/texlive/2021/texmf-dist/tex/latex/algorithmicx/algpseudocode.sty
Package: algpseudocode 

(/usr/local/texlive/2021/texmf-dist/tex/latex/algorithmicx/algorithmicx.sty
Package: algorithmicx 2005/04/27 v1.2 Algorithmicx

Document Style algorithmicx 1.2 - a greatly improved `algorithmic' style
\c@ALG@line=\count267
\c@ALG@rem=\count268
\c@ALG@nested=\count269
\ALG@tlm=\skip56
\ALG@thistlm=\skip57
\c@ALG@Lnr=\count270
\c@ALG@blocknr=\count271
\c@ALG@storecount=\count272
\c@ALG@tmpcounter=\count273
\ALG@tmplength=\skip58
)
Document Style - pseudocode environments for use with the `algorithmicx' style
) (/usr/local/texlive/2021/texmf-dist/tex/latex/tools/xspace.sty
Package: xspace 2014/10/28 v1.13 Space after command names (DPC,MH)
)
(/usr/local/texlive/2021/texmf-dist/tex/latex/l3backend/l3backend-pdftex.def
File: l3backend-pdftex.def 2021-03-18 L3 backend support: PDF output (pdfTeX)
\l__color_backend_stack_int=\count274
\l__pdf_internal_box=\box51
)
(./final_22S_soln.aux

LaTeX Warning: Label `fig:fig6' multiply defined.


LaTeX Warning: Label `fig:fig6' multiply defined.


LaTeX Warning: Label `fig:fig6' multiply defined.


LaTeX Warning: Label `fig:fig6' multiply defined.


LaTeX Warning: Label `fig:fig6' multiply defined.


LaTeX Warning: Label `fig:fig0' multiply defined.


LaTeX Warning: Label `fig:fig6' multiply defined.


LaTeX Warning: Label `fig:fig6' multiply defined.


LaTeX Warning: Label `fig:fig6' multiply defined.

)
\openout1 = `final_22S_soln.aux'.

LaTeX Font Info:    Checking defaults for OML/cmm/m/it on input line 81.
LaTeX Font Info:    ... okay on input line 81.
LaTeX Font Info:    Checking defaults for OMS/cmsy/m/n on input line 81.
LaTeX Font Info:    ... okay on input line 81.
LaTeX Font Info:    Checking defaults for OT1/cmr/m/n on input line 81.
LaTeX Font Info:    ... okay on input line 81.
LaTeX Font Info:    Checking defaults for T1/cmr/m/n on input line 81.
LaTeX Font Info:    ... okay on input line 81.
LaTeX Font Info:    Checking defaults for TS1/cmr/m/n on input line 81.
LaTeX Font Info:    ... okay on input line 81.
LaTeX Font Info:    Checking defaults for OMX/cmex/m/n on input line 81.
LaTeX Font Info:    ... okay on input line 81.
LaTeX Font Info:    Checking defaults for U/cmr/m/n on input line 81.
LaTeX Font Info:    ... okay on input line 81.
 (/usr/local/texlive/2021/texmf-dist/tex/context/base/mkii/supp-pdf.mkii
[Loading MPS to PDF converter (version 2006.09.02).]
\scratchcounter=\count275
\scratchdimen=\dimen150
\scratchbox=\box52
\nofMPsegments=\count276
\nofMParguments=\count277
\everyMPshowfont=\toks32
\MPscratchCnt=\count278
\MPscratchDim=\dimen151
\MPnumerator=\count279
\makeMPintoPDFobject=\count280
\everyMPtoPDFconversion=\toks33
) (/usr/local/texlive/2021/texmf-dist/tex/latex/epstopdf-pkg/epstopdf-base.sty
Package: epstopdf-base 2020-01-24 v2.11 Base part for package epstopdf
Package epstopdf-base Info: Redefining graphics rule for `.eps' on input line 4
85.

(/usr/local/texlive/2021/texmf-dist/tex/latex/latexconfig/epstopdf-sys.cfg
File: epstopdf-sys.cfg 2010/07/13 v1.3 Configuration of (r)epstopdf for TeX Liv
e
))
LaTeX Font Info:    Trying to load font information for U+msa on input line 82.


(/usr/local/texlive/2021/texmf-dist/tex/latex/amsfonts/umsa.fd
File: umsa.fd 2013/01/14 v3.01 AMS symbols A
)
LaTeX Font Info:    Trying to load font information for U+msb on input line 82.


(/usr/local/texlive/2021/texmf-dist/tex/latex/amsfonts/umsb.fd
File: umsb.fd 2013/01/14 v3.01 AMS symbols B
)
Underfull \hbox (badness 10000) in paragraph at lines 90--105

 []

[1

{/usr/local/texlive/2021/texmf-var/fonts/map/pdftex/updmap/pdftex.map}]
Underfull \hbox (badness 10000) in paragraph at lines 140--142

 []

<fin_1_2.png, id=17, 1124.2pt x 843.15pt>
File: fin_1_2.png Graphic file (type png)
<use fin_1_2.png>
Package pdftex.def Info: fin_1_2.png  used on input line 150.
(pdftex.def)             Requested size: 375.80544pt x 281.85553pt.
[2] [3 <./fin_1_2.png (PNG copy)>] [4] [5]
Underfull \hbox (badness 10000) in paragraph at lines 252--254

 []


Underfull \hbox (badness 10000) in paragraph at lines 283--287

 []

[6]
Underfull \hbox (badness 10000) in paragraph at lines 294--296

 []

[7]
Underfull \hbox (badness 10000) in paragraph at lines 339--340

 []


Underfull \hbox (badness 10000) in paragraph at lines 339--340

 []


Underfull \hbox (badness 10000) in paragraph at lines 349--351

 []

[8]
Underfull \hbox (badness 10000) in paragraph at lines 375--376

 []


Underfull \hbox (badness 10000) in paragraph at lines 375--376

 []


Underfull \hbox (badness 10000) in paragraph at lines 386--388

 []

[9] [10]
Underfull \hbox (badness 10000) in paragraph at lines 417--420

 []

<fin_5.png, id=53, 1124.2pt x 843.15pt>
File: fin_5.png Graphic file (type png)
<use fin_5.png>
Package pdftex.def Info: fin_5.png  used on input line 429.
(pdftex.def)             Requested size: 375.80544pt x 281.85553pt.
[11 <./fin_5.png (PNG copy)>] [12]
Underfull \hbox (badness 10000) in paragraph at lines 473--477

 []

<fin_6_99_grd.png, id=61, 1124.2pt x 843.15pt>
File: fin_6_99_grd.png Graphic file (type png)
<use fin_6_99_grd.png>
Package pdftex.def Info: fin_6_99_grd.png  used on input line 484.
(pdftex.def)             Requested size: 281.85587pt x 211.39165pt.
<fin_6_99_newton.png, id=62, 1124.2pt x 843.15pt>
File: fin_6_99_newton.png Graphic file (type png)
<use fin_6_99_newton.png>
Package pdftex.def Info: fin_6_99_newton.png  used on input line 497.
(pdftex.def)             Requested size: 281.85587pt x 211.39165pt.
[13 <./fin_6_99_grd.png (PNG copy)>]
<fin_6 _99_sgd.png, id=67, 1124.2pt x 843.15pt>
File: fin_6 _99_sgd.png Graphic file (type png)
<use fin_6 _99_sgd.png>
Package pdftex.def Info: fin_6 _99_sgd.png  used on input line 510.
(pdftex.def)             Requested size: 281.85587pt x 211.39165pt.
<fin_6_999_grd.png, id=68, 1124.2pt x 843.15pt>
File: fin_6_999_grd.png Graphic file (type png)
<use fin_6_999_grd.png>
Package pdftex.def Info: fin_6_999_grd.png  used on input line 518.
(pdftex.def)             Requested size: 281.85587pt x 211.39165pt.
 [14 <./fin_6_99_newton.png (PNG copy)> <./fin_6 _99_sgd.png (PNG copy)>]
<fin_6_999_newton.png, id=72, 1124.2pt x 843.15pt>
File: fin_6_999_newton.png Graphic file (type png)
<use fin_6_999_newton.png>
Package pdftex.def Info: fin_6_999_newton.png  used on input line 523.
(pdftex.def)             Requested size: 281.85587pt x 211.39165pt.
<fin_6 _999_sgd.png, id=73, 1124.2pt x 843.15pt>
File: fin_6 _999_sgd.png Graphic file (type png)
<use fin_6 _999_sgd.png>
Package pdftex.def Info: fin_6 _999_sgd.png  used on input line 528.
(pdftex.def)             Requested size: 281.85587pt x 211.39165pt.
 [15 <./fin_6_999_grd.png (PNG copy)> <./fin_6_999_newton.png (PNG copy)>]
Underfull \hbox (badness 10000) in paragraph at lines 532--535

 []

[16 <./fin_6 _999_sgd.png (PNG copy)>] [17] [18]
<snowy_owl.jpg, id=86, 481.8pt x 361.35pt>
File: snowy_owl.jpg Graphic file (type jpg)
<use snowy_owl.jpg>
Package pdftex.def Info: snowy_owl.jpg  used on input line 649.
(pdftex.def)             Requested size: 281.85587pt x 211.39717pt.

Underfull \hbox (badness 10000) in paragraph at lines 646--652

 []

<snowy_owl_noisey.png, id=87, 602.25pt x 451.6875pt>
File: snowy_owl_noisey.png Graphic file (type png)
<use snowy_owl_noisey.png>
Package pdftex.def Info: snowy_owl_noisey.png  used on input line 655.
(pdftex.def)             Requested size: 281.85587pt x 211.39716pt.
<snowy_owl_recon.png, id=88, 553.06625pt x 419.5675pt>
File: snowy_owl_recon.png Graphic file (type png)
<use snowy_owl_recon.png>
Package pdftex.def Info: snowy_owl_recon.png  used on input line 661.
(pdftex.def)             Requested size: 281.85587pt x 213.81653pt.
[19 <./snowy_owl.jpg> <./snowy_owl_noisey.png (PNG copy)>]
Underfull \hbox (badness 10000) in paragraph at lines 665--667

 []

[20 <./snowy_owl_recon.png (PNG copy)>] [21]
<simulation-L0.png, id=99, 634.37pt x 416.55624pt>
File: simulation-L0.png Graphic file (type png)
<use simulation-L0.png>
Package pdftex.def Info: simulation-L0.png  used on input line 720.
(pdftex.def)             Requested size: 199.16928pt x 130.78369pt.
 [22 <./simulation-L0.png>]
(./final_22S_soln.aux)

LaTeX Warning: There were multiply-defined labels.

 ) 
Here is how much of TeX's memory you used:
 3903 strings out of 478994
 51738 string characters out of 5858184
 359312 words of memory out of 5000000
 21316 multiletter control sequences out of 15000+600000
 420486 words of font info for 89 fonts, out of 8000000 for 9000
 1141 hyphenation exceptions out of 8191
 68i,15n,74p,580b,350s stack positions out of 5000i,500n,10000p,200000b,80000s
{/usr/local/texlive/2021/texmf-dist/fonts/enc/dvips/cm-super/cm-super-ts1.enc
}</usr/local/texlive/2021/texmf-dist/fonts/type1/public/amsfonts/cm/cmbx10.pfb>
</usr/local/texlive/2021/texmf-dist/fonts/type1/public/amsfonts/cm/cmbx12.pfb><
/usr/local/texlive/2021/texmf-dist/fonts/type1/public/amsfonts/cm/cmbx8.pfb></u
sr/local/texlive/2021/texmf-dist/fonts/type1/public/amsfonts/cm/cmex10.pfb></us
r/local/texlive/2021/texmf-dist/fonts/type1/public/amsfonts/cm/cmmi10.pfb></usr
/local/texlive/2021/texmf-dist/fonts/type1/public/amsfonts/cm/cmmi6.pfb></usr/l
ocal/texlive/2021/texmf-dist/fonts/type1/public/amsfonts/cm/cmmi8.pfb></usr/loc
al/texlive/2021/texmf-dist/fonts/type1/public/amsfonts/cm/cmr10.pfb></usr/local
/texlive/2021/texmf-dist/fonts/type1/public/amsfonts/cm/cmr12.pfb></usr/local/t
exlive/2021/texmf-dist/fonts/type1/public/amsfonts/cm/cmr6.pfb></usr/local/texl
ive/2021/texmf-dist/fonts/type1/public/amsfonts/cm/cmr8.pfb></usr/local/texlive
/2021/texmf-dist/fonts/type1/public/amsfonts/cm/cmsy10.pfb></usr/local/texlive/
2021/texmf-dist/fonts/type1/public/amsfonts/cm/cmsy6.pfb></usr/local/texlive/20
21/texmf-dist/fonts/type1/public/amsfonts/cm/cmsy8.pfb></usr/local/texlive/2021
/texmf-dist/fonts/type1/public/amsfonts/cm/cmti10.pfb></usr/local/texlive/2021/
texmf-dist/fonts/type1/public/amsfonts/cm/cmti8.pfb></usr/local/texlive/2021/te
xmf-dist/fonts/type1/public/amsfonts/cm/cmtt10.pfb></usr/local/texlive/2021/tex
mf-dist/fonts/type1/public/amsfonts/symbols/msbm10.pfb></usr/local/texlive/2021
/texmf-dist/fonts/type1/public/cm-super/sfrm1095.pfb>
Output written on final_22S_soln.pdf (22 pages, 3902769 bytes).
PDF statistics:
 167 PDF objects out of 1000 (max. 8388607)
 109 compressed objects within 2 object streams
 0 named destinations out of 1000 (max. 500000)
 61 words of extra memory for PDF output out of 10000 (max. 10000000)

