This is pdfTeX, Version 3.141592653-2.6-1.40.23 (TeX Live 2021/W32TeX) (preloaded format=pdflatex 2022.2.27)  15 MAR 2022 20:50
entering extended mode
 restricted \write18 enabled.
 %&-line parsing enabled.
**HW1_soln.tex
(./HW1_soln.tex
LaTeX2e <2021-11-15> patch level 1
L3 programming layer <2022-02-24>
(c:/SOFTWARES/texlive/2021/texmf-dist/tex/latex/base/article.cls
Document Class: article 2021/10/04 v1.4n Standard LaTeX document class
(c:/SOFTWARES/texlive/2021/texmf-dist/tex/latex/base/size11.clo
File: size11.clo 2021/10/04 v1.4n Standard LaTeX file (size option)
)
\c@part=\count185
\c@section=\count186
\c@subsection=\count187
\c@subsubsection=\count188
\c@paragraph=\count189
\c@subparagraph=\count190
\c@figure=\count191
\c@table=\count192
\abovecaptionskip=\skip47
\belowcaptionskip=\skip48
\bibindent=\dimen138
)
(c:/SOFTWARES/texlive/2021/texmf-dist/tex/latex/amsmath/amsmath.sty
Package: amsmath 2021/10/15 v2.17l AMS math features
\@mathmargin=\skip49

For additional information on amsmath, use the `?' option.
(c:/SOFTWARES/texlive/2021/texmf-dist/tex/latex/amsmath/amstext.sty
Package: amstext 2021/08/26 v2.01 AMS text

(c:/SOFTWARES/texlive/2021/texmf-dist/tex/latex/amsmath/amsgen.sty
File: amsgen.sty 1999/11/30 v2.0 generic functions
\@emptytoks=\toks16
\ex@=\dimen139
))
(c:/SOFTWARES/texlive/2021/texmf-dist/tex/latex/amsmath/amsbsy.sty
Package: amsbsy 1999/11/29 v1.2d Bold Symbols
\pmbraise@=\dimen140
)
(c:/SOFTWARES/texlive/2021/texmf-dist/tex/latex/amsmath/amsopn.sty
Package: amsopn 2021/08/26 v2.02 operator names
)
\inf@bad=\count193
LaTeX Info: Redefining \frac on input line 234.
\uproot@=\count194
\leftroot@=\count195
LaTeX Info: Redefining \overline on input line 399.
\classnum@=\count196
\DOTSCASE@=\count197
LaTeX Info: Redefining \ldots on input line 496.
LaTeX Info: Redefining \dots on input line 499.
LaTeX Info: Redefining \cdots on input line 620.
\Mathstrutbox@=\box50
\strutbox@=\box51
\big@size=\dimen141
LaTeX Font Info:    Redeclaring font encoding OML on input line 743.
LaTeX Font Info:    Redeclaring font encoding OMS on input line 744.
\macc@depth=\count198
\c@MaxMatrixCols=\count199
\dotsspace@=\muskip16
\c@parentequation=\count266
\dspbrk@lvl=\count267
\tag@help=\toks17
\row@=\count268
\column@=\count269
\maxfields@=\count270
\andhelp@=\toks18
\eqnshift@=\dimen142
\alignsep@=\dimen143
\tagshift@=\dimen144
\tagwidth@=\dimen145
\totwidth@=\dimen146
\lineht@=\dimen147
\@envbody=\toks19
\multlinegap=\skip50
\multlinetaggap=\skip51
\mathdisplay@stack=\toks20
LaTeX Info: Redefining \[ on input line 2938.
LaTeX Info: Redefining \] on input line 2939.
)
(c:/SOFTWARES/texlive/2021/texmf-dist/tex/latex/amsfonts/amssymb.sty
Package: amssymb 2013/01/14 v3.01 AMS font symbols

(c:/SOFTWARES/texlive/2021/texmf-dist/tex/latex/amsfonts/amsfonts.sty
Package: amsfonts 2013/01/14 v3.01 Basic AMSFonts support
\symAMSa=\mathgroup4
\symAMSb=\mathgroup5
LaTeX Font Info:    Redeclaring math symbol \hbar on input line 98.
LaTeX Font Info:    Overwriting math alphabet `\mathfrak' in version `bold'
(Font)                  U/euf/m/n --> U/euf/b/n on input line 106.
))
(c:/SOFTWARES/texlive/2021/texmf-dist/tex/latex/tools/verbatim.sty
Package: verbatim 2020-07-07 v1.5u LaTeX2e package for verbatim enhancements
\every@verbatim=\toks21
\verbatim@line=\toks22
\verbatim@in@stream=\read2
)
(c:/SOFTWARES/texlive/2021/texmf-dist/tex/latex/preprint/fullpage.sty
Package: fullpage 1999/02/23 1.1 (PWD)
\FP@margin=\skip52
)
(c:/SOFTWARES/texlive/2021/texmf-dist/tex/latex/base/ifthen.sty
Package: ifthen 2020/11/24 v1.1c Standard LaTeX ifthen package (DPC)
)
(c:/SOFTWARES/texlive/2021/texmf-dist/tex/latex/graphics/graphicx.sty
Package: graphicx 2021/09/16 v1.2d Enhanced LaTeX Graphics (DPC,SPQR)

(c:/SOFTWARES/texlive/2021/texmf-dist/tex/latex/graphics/keyval.sty
Package: keyval 2014/10/28 v1.15 key=value parser (DPC)
\KV@toks@=\toks23
)
(c:/SOFTWARES/texlive/2021/texmf-dist/tex/latex/graphics/graphics.sty
Package: graphics 2021/03/04 v1.4d Standard LaTeX Graphics (DPC,SPQR)

(c:/SOFTWARES/texlive/2021/texmf-dist/tex/latex/graphics/trig.sty
Package: trig 2021/08/11 v1.11 sin cos tan (DPC)
)
(c:/SOFTWARES/texlive/2021/texmf-dist/tex/latex/graphics-cfg/graphics.cfg
File: graphics.cfg 2016/06/04 v1.11 sample graphics configuration
)
Package graphics Info: Driver file: pdftex.def on input line 107.

(c:/SOFTWARES/texlive/2021/texmf-dist/tex/latex/graphics-def/pdftex.def
File: pdftex.def 2020/10/05 v1.2a Graphics/color driver for pdftex
))
\Gin@req@height=\dimen148
\Gin@req@width=\dimen149
)
(c:/SOFTWARES/texlive/2021/texmf-dist/tex/latex/tools/bm.sty
Package: bm 2021/04/25 v1.2e Bold Symbol Support (DPC/FMi)
\symboldoperators=\mathgroup6
\symboldletters=\mathgroup7
\symboldsymbols=\mathgroup8
Package bm Info: No bold for \OMX/cmex/m/n, using \pmb.
Package bm Info: No bold for \U/msa/m/n, using \pmb.
Package bm Info: No bold for \U/msb/m/n, using \pmb.
LaTeX Font Info:    Redeclaring math alphabet \mathbf on input line 149.
)
(c:/SOFTWARES/texlive/2021/texmf-dist/tex/latex/amscls/amsthm.sty
Package: amsthm 2020/05/29 v2.20.6
\thm@style=\toks24
\thm@bodyfont=\toks25
\thm@headfont=\toks26
\thm@notefont=\toks27
\thm@headpunct=\toks28
\thm@preskip=\skip53
\thm@postskip=\skip54
\thm@headsep=\skip55
\dth@everypar=\toks29
)
(c:/SOFTWARES/texlive/2021/texmf-dist/tex/latex/xcolor/xcolor.sty
Package: xcolor 2021/10/31 v2.13 LaTeX color extensions (UK)

(c:/SOFTWARES/texlive/2021/texmf-dist/tex/latex/graphics-cfg/color.cfg
File: color.cfg 2016/01/02 v1.6 sample color configuration
)
Package xcolor Info: Driver file: pdftex.def on input line 227.
Package xcolor Info: Model `cmy' substituted by `cmy0' on input line 1352.
Package xcolor Info: Model `hsb' substituted by `rgb' on input line 1356.
Package xcolor Info: Model `RGB' extended on input line 1368.
Package xcolor Info: Model `HTML' substituted by `rgb' on input line 1370.
Package xcolor Info: Model `Hsb' substituted by `hsb' on input line 1371.
Package xcolor Info: Model `tHsb' substituted by `hsb' on input line 1372.
Package xcolor Info: Model `HSB' substituted by `hsb' on input line 1373.
Package xcolor Info: Model `Gray' substituted by `gray' on input line 1374.
Package xcolor Info: Model `wave' substituted by `hsb' on input line 1375.
)
(c:/SOFTWARES/texlive/2021/texmf-dist/tex/latex/tools/xspace.sty
Package: xspace 2014/10/28 v1.13 Space after command names (DPC,MH)
)
(c:/SOFTWARES/texlive/2021/texmf-dist/tex/latex/l3backend/l3backend-pdftex.def
File: l3backend-pdftex.def 2022-02-07 L3 backend support: PDF output (pdfTeX)
\l__color_backend_stack_int=\count271
\l__pdf_internal_box=\box52
) (./HW1_soln.aux)
\openout1 = `HW1_soln.aux'.

LaTeX Font Info:    Checking defaults for OML/cmm/m/it on input line 64.
LaTeX Font Info:    ... okay on input line 64.
LaTeX Font Info:    Checking defaults for OMS/cmsy/m/n on input line 64.
LaTeX Font Info:    ... okay on input line 64.
LaTeX Font Info:    Checking defaults for OT1/cmr/m/n on input line 64.
LaTeX Font Info:    ... okay on input line 64.
LaTeX Font Info:    Checking defaults for T1/cmr/m/n on input line 64.
LaTeX Font Info:    ... okay on input line 64.
LaTeX Font Info:    Checking defaults for TS1/cmr/m/n on input line 64.
LaTeX Font Info:    ... okay on input line 64.
LaTeX Font Info:    Checking defaults for OMX/cmex/m/n on input line 64.
LaTeX Font Info:    ... okay on input line 64.
LaTeX Font Info:    Checking defaults for U/cmr/m/n on input line 64.
LaTeX Font Info:    ... okay on input line 64.

(c:/SOFTWARES/texlive/2021/texmf-dist/tex/context/base/mkii/supp-pdf.mkii
[Loading MPS to PDF converter (version 2006.09.02).]
\scratchcounter=\count272
\scratchdimen=\dimen150
\scratchbox=\box53
\nofMPsegments=\count273
\nofMParguments=\count274
\everyMPshowfont=\toks30
\MPscratchCnt=\count275
\MPscratchDim=\dimen151
\MPnumerator=\count276
\makeMPintoPDFobject=\count277
\everyMPtoPDFconversion=\toks31
)
(c:/SOFTWARES/texlive/2021/texmf-dist/tex/latex/epstopdf-pkg/epstopdf-base.sty
Package: epstopdf-base 2020-01-24 v2.11 Base part for package epstopdf
Package epstopdf-base Info: Redefining graphics rule for `.eps' on input line 4
85.

(c:/SOFTWARES/texlive/2021/texmf-dist/tex/latex/latexconfig/epstopdf-sys.cfg
File: epstopdf-sys.cfg 2010/07/13 v1.3 Configuration of (r)epstopdf for TeX Liv
e
))
LaTeX Font Info:    Trying to load font information for U+msa on input line 65.


(c:/SOFTWARES/texlive/2021/texmf-dist/tex/latex/amsfonts/umsa.fd
File: umsa.fd 2013/01/14 v3.01 AMS symbols A
)
LaTeX Font Info:    Trying to load font information for U+msb on input line 65.


(c:/SOFTWARES/texlive/2021/texmf-dist/tex/latex/amsfonts/umsb.fd
File: umsb.fd 2013/01/14 v3.01 AMS symbols B
)
<prob1.png, id=1, 1579.9025pt x 1172.38pt>
File: prob1.png Graphic file (type png)
<use prob1.png>
Package pdftex.def Info: prob1.png  used on input line 80.
(pdftex.def)             Requested size: 211.38832pt x 156.85123pt.

Underfull \hbox (badness 10000) in paragraph at lines 68--85

 []


Underfull \hbox (badness 10000) in paragraph at lines 68--85

 []


Underfull \hbox (badness 10000) in paragraph at lines 68--85

 []


Underfull \hbox (badness 10000) in paragraph at lines 68--85

 []

[1

{c:/SOFTWARES/texlive/2021/texmf-var/fonts/map/pdftex/updmap/pdftex.map} <./pro
b1.png>]
Underfull \hbox (badness 10000) in paragraph at lines 90--94

 []


Underfull \hbox (badness 10000) in paragraph at lines 90--94

 []


Underfull \hbox (badness 10000) in paragraph at lines 100--103

 []


Underfull \hbox (badness 10000) in paragraph at lines 105--107

 []


Underfull \hbox (badness 10000) in paragraph at lines 105--107

 []


Underfull \hbox (badness 10000) in paragraph at lines 114--117

 []


Underfull \hbox (badness 10000) in paragraph at lines 119--121

 []


Underfull \hbox (badness 10000) in paragraph at lines 119--121

 []

[2]
<fig.pdf, id=25, 432.50717pt x 125.09355pt>
File: fig.pdf Graphic file (type pdf)
<use fig.pdf>
Package pdftex.def Info: fig.pdf  used on input line 149.
(pdftex.def)             Requested size: 469.75502pt x 135.86826pt.
 [3]
File: "./sample.m"  (verbatim)

Underfull \hbox (badness 10000) in paragraph at lines 164--174

 []

<prob4_2.png, id=30, 632.3625pt x 474.27188pt>
File: prob4_2.png Graphic file (type png)
<use prob4_2.png>
Package pdftex.def Info: prob4_2.png  used on input line 176.
(pdftex.def)             Requested size: 211.38832pt x 158.5365pt.

LaTeX Warning: `h' float specifier changed to `ht'.


Underfull \hbox (badness 10000) in paragraph at lines 181--184

 []

[4 <./fig.pdf>]
Underfull \hbox (badness 10000) in paragraph at lines 200--205

 []


Underfull \hbox (badness 10000) in paragraph at lines 200--205

 []

<prob4_3.png, id=140, 632.3625pt x 474.27188pt>
File: prob4_3.png Graphic file (type png)
<use prob4_3.png>
Package pdftex.def Info: prob4_3.png  used on input line 209.
(pdftex.def)             Requested size: 211.38832pt x 158.5365pt.

LaTeX Warning: `h' float specifier changed to `ht'.


Underfull \hbox (badness 10000) in paragraph at lines 214--216

 []


Underfull \hbox (badness 10000) in paragraph at lines 214--216

 []

[5 <./prob4_2.png (PNG copy)>]
Underfull \hbox (badness 10000) in paragraph at lines 219--225

 []

<prob4_4.png, id=144, 632.3625pt x 474.27188pt>
File: prob4_4.png Graphic file (type png)
<use prob4_4.png>
Package pdftex.def Info: prob4_4.png  used on input line 227.
(pdftex.def)             Requested size: 211.38832pt x 158.5365pt.

LaTeX Warning: `h' float specifier changed to `ht'.

<prob4_5.png, id=145, 1247.41031pt x 862.72313pt>
File: prob4_5.png Graphic file (type png)
<use prob4_5.png>
Package pdftex.def Info: prob4_5.png  used on input line 239.
(pdftex.def)             Requested size: 352.31625pt x 243.65392pt.

Underfull \hbox (badness 10000) in paragraph at lines 236--243

 []

[6 <./prob4_3.png (PNG copy)>]
Underfull \hbox (badness 10000) in paragraph at lines 250--251

 []

[7 <./prob4_4.png (PNG copy)> <./prob4_5.png (PNG copy)>] [8]
Underfull \hbox (badness 10000) in paragraph at lines 311--312

 []

[9] [10]
Underfull \hbox (badness 10000) in paragraph at lines 398--399

 []

[11] [12] [13]
Underfull \hbox (badness 10000) in paragraph at lines 529--530

 []

[14] [15] (./HW1_soln.aux)

LaTeX Warning: Label(s) may have changed. Rerun to get cross-references right.

 ) 
Here is how much of TeX's memory you used:
 3489 strings out of 478276
 50338 string characters out of 5845499
 351091 words of memory out of 5000000
 21649 multiletter control sequences out of 15000+600000
 486491 words of font info for 91 fonts, out of 8000000 for 9000
 1141 hyphenation exceptions out of 8191
 55i,11n,62p,1312b,314s stack positions out of 5000i,500n,10000p,200000b,80000s
<c:/SOFTWARES/texlive/2021/texmf-dist/fonts/type1/public/amsfonts/cm/cmbx10.p
fb><c:/SOFTWARES/texlive/2021/texmf-dist/fonts/type1/public/amsfonts/cm/cmbx12.
pfb><c:/SOFTWARES/texlive/2021/texmf-dist/fonts/type1/public/amsfonts/cm/cmex10
.pfb><c:/SOFTWARES/texlive/2021/texmf-dist/fonts/type1/public/amsfonts/cm/cmmi1
0.pfb><c:/SOFTWARES/texlive/2021/texmf-dist/fonts/type1/public/amsfonts/cm/cmmi
12.pfb><c:/SOFTWARES/texlive/2021/texmf-dist/fonts/type1/public/amsfonts/cm/cmm
i7.pfb><c:/SOFTWARES/texlive/2021/texmf-dist/fonts/type1/public/amsfonts/cm/cmm
i8.pfb><c:/SOFTWARES/texlive/2021/texmf-dist/fonts/type1/public/amsfonts/cm/cmm
ib10.pfb><c:/SOFTWARES/texlive/2021/texmf-dist/fonts/type1/public/amsfonts/cm/c
mr10.pfb><c:/SOFTWARES/texlive/2021/texmf-dist/fonts/type1/public/amsfonts/cm/c
mr12.pfb><c:/SOFTWARES/texlive/2021/texmf-dist/fonts/type1/public/amsfonts/cm/c
mr7.pfb><c:/SOFTWARES/texlive/2021/texmf-dist/fonts/type1/public/amsfonts/cm/cm
r8.pfb><c:/SOFTWARES/texlive/2021/texmf-dist/fonts/type1/public/amsfonts/cm/cms
y10.pfb><c:/SOFTWARES/texlive/2021/texmf-dist/fonts/type1/public/amsfonts/cm/cm
sy8.pfb><c:/SOFTWARES/texlive/2021/texmf-dist/fonts/type1/public/amsfonts/cm/cm
ti10.pfb><c:/SOFTWARES/texlive/2021/texmf-dist/fonts/type1/public/amsfonts/cm/c
mtt10.pfb><c:/SOFTWARES/texlive/2021/texmf-dist/fonts/type1/public/amsfonts/sym
bols/msbm10.pfb>
Output written on HW1_soln.pdf (15 pages, 1489310 bytes).
PDF statistics:
 240 PDF objects out of 1000 (max. 8388607)
 153 compressed objects within 2 object streams
 0 named destinations out of 1000 (max. 500000)
 31 words of extra memory for PDF output out of 10000 (max. 10000000)

